<?xml version="1.0" encoding="UTF-8"?>
<!-- Generated by org.testng.reporters.JUnitXMLReporter -->
<testsuite hostname="HPDA0251" name="Default test" tests="1" failures="1" timestamp="15 Jun 2016 09:51:01 GMT" time="79.332" errors="0">
  <testcase name="test" time="79.298" classname="login.test">
    <failure type="org.openqa.selenium.WebDriverException" message="Failed to connect to binary FirefoxBinary(C:\Program Files\Mozilla Firefox\firefox.exe) on port 7055; process output follows: 
fox\\browser\\extensions\\{82AF8DCA-6DE9-405D-BD5E-43525BDAD38A}.xpi&amp;quot;,&amp;quot;e&amp;quot;:true,&amp;quot;v&amp;quot;:&amp;quot;8.3.0.9150&amp;quot;,&amp;quot;st&amp;quot;:1464149260000},&amp;quot;{972ce4c6-7e08-4474-a285-3208198ce6fd}&amp;quot;:{&amp;quot;d&amp;quot;:&amp;quot;C:\\Program Files\\Mozilla Firefox\\browser\\extensions\\{972ce4c6-7e08-4474-a285-3208198ce6fd}.xpi&amp;quot;,&amp;quot;e&amp;quot;:true,&amp;quot;v&amp;quot;:&amp;quot;46.0.1&amp;quot;,&amp;quot;st&amp;quot;:1463033593244}}}
1465984216037	addons.xpi	DEBUG	No changes found
1465984216046	addons.xpi	DEBUG	Registering manifest for C:\Program Files\Mozilla Firefox\browser\features\e10srollout@mozilla.org.xpi
1465984216047	addons.xpi	DEBUG	Loading bootstrap scope from C:\Program Files\Mozilla Firefox\browser\features\e10srollout@mozilla.org.xpi
1465984216061	addons.xpi	DEBUG	Calling bootstrap method startup on e10srollout@mozilla.org version 1.0
1465984216061	addons.xpi	DEBUG	Registering manifest for C:\Program Files\Mozilla Firefox\browser\features\firefox@getpocket.com.xpi
1465984216063	addons.xpi	DEBUG	Loading bootstrap scope from C:\Program Files\Mozilla Firefox\browser\features\firefox@getpocket.com.xpi
1465984216069	addons.xpi	DEBUG	Calling bootstrap method startup on firefox@getpocket.com version 1.0
1465984216079	addons.xpi-utils	DEBUG	Starting async load of XPI database C:\Users\NIRBHA~1\AppData\Local\Temp\anonymous2383927063419159888webdriver-profile\extensions.json
1465984216080	addons.xpi	DEBUG	Registering manifest for C:\Program Files\Mozilla Firefox\browser\features\loop@mozilla.org.xpi
1465984216082	addons.xpi	DEBUG	Loading bootstrap scope from C:\Program Files\Mozilla Firefox\browser\features\loop@mozilla.org.xpi
1465984216089	addons.xpi	DEBUG	Calling bootstrap method startup on loop@mozilla.org version 1.2.6
1465984216116	addons.xpi	DEBUG	Registering manifest for C:\Program Files\Mozilla Firefox\browser\extensions\{82AF8DCA-6DE9-405D-BD5E-43525BDAD38A}.xpi
1465984216116	addons.xpi	DEBUG	Loading bootstrap scope from C:\Program Files\Mozilla Firefox\browser\extensions\{82AF8DCA-6DE9-405D-BD5E-43525BDAD38A}.xpi
1465984216217	addons.xpi	DEBUG	Calling bootstrap method startup on {82AF8DCA-6DE9-405D-BD5E-43525BDAD38A} version 8.3.0.9150
1465984216221	addons.manager	DEBUG	Registering shutdown blocker for XPIProvider
1465984216225	addons.manager	DEBUG	Provider finished startup: XPIProvider
1465984216225	addons.manager	DEBUG	Starting provider: LightweightThemeManager
1465984216225	addons.manager	DEBUG	Registering shutdown blocker for LightweightThemeManager
1465984216226	addons.manager	DEBUG	Provider finished startup: LightweightThemeManager
1465984216226	addons.manager	DEBUG	Starting provider: GMPProvider
1465984216237	addons.manager	DEBUG	Registering shutdown blocker for GMPProvider
1465984216237	addons.manager	DEBUG	Provider finished startup: GMPProvider
1465984216237	addons.manager	DEBUG	Starting provider: PluginProvider
1465984216237	addons.manager	DEBUG	Registering shutdown blocker for PluginProvider
1465984216238	addons.manager	DEBUG	Provider finished startup: PluginProvider
1465984216238	addons.manager	DEBUG	Completed startup sequence
1465984217499	addons.xpi-utils	DEBUG	Async JSON file read took 0 MS
1465984217499	addons.xpi-utils	DEBUG	Finished async read of XPI database, parsing...
1465984217502	addons.xpi-utils	DEBUG	Successfully read XPI database
1465984217515	addons.manager	DEBUG	Starting provider: &amp;lt;unnamed-provider&amp;gt;
1465984217515	addons.manager	DEBUG	Registering shutdown blocker for &amp;lt;unnamed-provider&amp;gt;
1465984217516	addons.manager	DEBUG	Provider finished startup: &amp;lt;unnamed-provider&amp;gt;
*** Blocklist::_loadBlocklistFromFile: blocklist is disabled
1465984217717	addons.manager	DEBUG	Starting provider: PreviousExperimentProvider
1465984217717	addons.manager	DEBUG	Registering shutdown blocker for PreviousExperimentProvider
1465984217717	addons.manager	DEBUG	Provider finished startup: PreviousExperimentProvider
JavaScript warning: https://normandy.cdn.mozilla.net/static/js/bundles/selfrepair-7575f6d27445b45bcffb.js, line 9825: mutating the [[Prototype]] of an object will cause your code to run very slowly; instead create the object with the correct initial [[Prototype]] value using Object.create

Build info: version: &amp;apos;2.41.0&amp;apos;, revision: &amp;apos;3192d8a&amp;apos;, time: &amp;apos;2014-03-27 17:18:15&amp;apos;
System info: host: &amp;apos;HPDA0251&amp;apos;, ip: &amp;apos;10.21.4.51&amp;apos;, os.name: &amp;apos;Windows 7&amp;apos;, os.arch: &amp;apos;x86&amp;apos;, os.version: &amp;apos;6.1&amp;apos;, java.version: &amp;apos;1.7.0_55&amp;apos;
Driver info: driver.version: FirefoxDriver">
      <![CDATA[org.openqa.selenium.WebDriverException: Failed to connect to binary FirefoxBinary(C:\Program Files\Mozilla Firefox\firefox.exe) on port 7055; process output follows: 
fox\\browser\\extensions\\{82AF8DCA-6DE9-405D-BD5E-43525BDAD38A}.xpi","e":true,"v":"8.3.0.9150","st":1464149260000},"{972ce4c6-7e08-4474-a285-3208198ce6fd}":{"d":"C:\\Program Files\\Mozilla Firefox\\browser\\extensions\\{972ce4c6-7e08-4474-a285-3208198ce6fd}.xpi","e":true,"v":"46.0.1","st":1463033593244}}}
1465984216037	addons.xpi	DEBUG	No changes found
1465984216046	addons.xpi	DEBUG	Registering manifest for C:\Program Files\Mozilla Firefox\browser\features\e10srollout@mozilla.org.xpi
1465984216047	addons.xpi	DEBUG	Loading bootstrap scope from C:\Program Files\Mozilla Firefox\browser\features\e10srollout@mozilla.org.xpi
1465984216061	addons.xpi	DEBUG	Calling bootstrap method startup on e10srollout@mozilla.org version 1.0
1465984216061	addons.xpi	DEBUG	Registering manifest for C:\Program Files\Mozilla Firefox\browser\features\firefox@getpocket.com.xpi
1465984216063	addons.xpi	DEBUG	Loading bootstrap scope from C:\Program Files\Mozilla Firefox\browser\features\firefox@getpocket.com.xpi
1465984216069	addons.xpi	DEBUG	Calling bootstrap method startup on firefox@getpocket.com version 1.0
1465984216079	addons.xpi-utils	DEBUG	Starting async load of XPI database C:\Users\NIRBHA~1\AppData\Local\Temp\anonymous2383927063419159888webdriver-profile\extensions.json
1465984216080	addons.xpi	DEBUG	Registering manifest for C:\Program Files\Mozilla Firefox\browser\features\loop@mozilla.org.xpi
1465984216082	addons.xpi	DEBUG	Loading bootstrap scope from C:\Program Files\Mozilla Firefox\browser\features\loop@mozilla.org.xpi
1465984216089	addons.xpi	DEBUG	Calling bootstrap method startup on loop@mozilla.org version 1.2.6
1465984216116	addons.xpi	DEBUG	Registering manifest for C:\Program Files\Mozilla Firefox\browser\extensions\{82AF8DCA-6DE9-405D-BD5E-43525BDAD38A}.xpi
1465984216116	addons.xpi	DEBUG	Loading bootstrap scope from C:\Program Files\Mozilla Firefox\browser\extensions\{82AF8DCA-6DE9-405D-BD5E-43525BDAD38A}.xpi
1465984216217	addons.xpi	DEBUG	Calling bootstrap method startup on {82AF8DCA-6DE9-405D-BD5E-43525BDAD38A} version 8.3.0.9150
1465984216221	addons.manager	DEBUG	Registering shutdown blocker for XPIProvider
1465984216225	addons.manager	DEBUG	Provider finished startup: XPIProvider
1465984216225	addons.manager	DEBUG	Starting provider: LightweightThemeManager
1465984216225	addons.manager	DEBUG	Registering shutdown blocker for LightweightThemeManager
1465984216226	addons.manager	DEBUG	Provider finished startup: LightweightThemeManager
1465984216226	addons.manager	DEBUG	Starting provider: GMPProvider
1465984216237	addons.manager	DEBUG	Registering shutdown blocker for GMPProvider
1465984216237	addons.manager	DEBUG	Provider finished startup: GMPProvider
1465984216237	addons.manager	DEBUG	Starting provider: PluginProvider
1465984216237	addons.manager	DEBUG	Registering shutdown blocker for PluginProvider
1465984216238	addons.manager	DEBUG	Provider finished startup: PluginProvider
1465984216238	addons.manager	DEBUG	Completed startup sequence
1465984217499	addons.xpi-utils	DEBUG	Async JSON file read took 0 MS
1465984217499	addons.xpi-utils	DEBUG	Finished async read of XPI database, parsing...
1465984217502	addons.xpi-utils	DEBUG	Successfully read XPI database
1465984217515	addons.manager	DEBUG	Starting provider: <unnamed-provider>
1465984217515	addons.manager	DEBUG	Registering shutdown blocker for <unnamed-provider>
1465984217516	addons.manager	DEBUG	Provider finished startup: <unnamed-provider>
*** Blocklist::_loadBlocklistFromFile: blocklist is disabled
1465984217717	addons.manager	DEBUG	Starting provider: PreviousExperimentProvider
1465984217717	addons.manager	DEBUG	Registering shutdown blocker for PreviousExperimentProvider
1465984217717	addons.manager	DEBUG	Provider finished startup: PreviousExperimentProvider
JavaScript warning: https://normandy.cdn.mozilla.net/static/js/bundles/selfrepair-7575f6d27445b45bcffb.js, line 9825: mutating the [[Prototype]] of an object will cause your code to run very slowly; instead create the object with the correct initial [[Prototype]] value using Object.create

Build info: version: '2.41.0', revision: '3192d8a', time: '2014-03-27 17:18:15'
System info: host: 'HPDA0251', ip: '10.21.4.51', os.name: 'Windows 7', os.arch: 'x86', os.version: '6.1', java.version: '1.7.0_55'
Driver info: driver.version: FirefoxDriver
	at org.openqa.selenium.firefox.internal.NewProfileExtensionConnection.start(NewProfileExtensionConnection.java:130)
	at org.openqa.selenium.firefox.FirefoxDriver.startClient(FirefoxDriver.java:246)
	at org.openqa.selenium.remote.RemoteWebDriver.<init>(RemoteWebDriver.java:114)
	at org.openqa.selenium.firefox.FirefoxDriver.<init>(FirefoxDriver.java:193)
	at org.openqa.selenium.firefox.FirefoxDriver.<init>(FirefoxDriver.java:186)
	at org.openqa.selenium.firefox.FirefoxDriver.<init>(FirefoxDriver.java:182)
	at org.openqa.selenium.firefox.FirefoxDriver.<init>(FirefoxDriver.java:95)
	at login.test.test(test.java:20)
	at sun.reflect.NativeMethodAccessorImpl.invoke0(Native Method)
	at sun.reflect.NativeMethodAccessorImpl.invoke(Unknown Source)
	at sun.reflect.DelegatingMethodAccessorImpl.invoke(Unknown Source)
	at java.lang.reflect.Method.invoke(Unknown Source)
	at org.testng.internal.MethodInvocationHelper.invokeMethod(MethodInvocationHelper.java:84)
	at org.testng.internal.Invoker.invokeMethod(Invoker.java:714)
	at org.testng.internal.Invoker.invokeTestMethod(Invoker.java:901)
	at org.testng.internal.Invoker.invokeTestMethods(Invoker.java:1231)
	at org.testng.internal.TestMethodWorker.invokeTestMethods(TestMethodWorker.java:127)
	at org.testng.internal.TestMethodWorker.run(TestMethodWorker.java:111)
	at org.testng.TestRunner.privateRun(TestRunner.java:767)
	at org.testng.TestRunner.run(TestRunner.java:617)
	at org.testng.SuiteRunner.runTest(SuiteRunner.java:334)
	at org.testng.SuiteRunner.runSequentially(SuiteRunner.java:329)
	at org.testng.SuiteRunner.privateRun(SuiteRunner.java:291)
	at org.testng.SuiteRunner.run(SuiteRunner.java:240)
	at org.testng.SuiteRunnerWorker.runSuite(SuiteRunnerWorker.java:52)
	at org.testng.SuiteRunnerWorker.run(SuiteRunnerWorker.java:86)
	at org.testng.TestNG.runSuitesSequentially(TestNG.java:1224)
	at org.testng.TestNG.runSuitesLocally(TestNG.java:1149)
	at org.testng.TestNG.run(TestNG.java:1057)
	at org.testng.remote.RemoteTestNG.run(RemoteTestNG.java:111)
	at org.testng.remote.RemoteTestNG.initAndRun(RemoteTestNG.java:204)
	at org.testng.remote.RemoteTestNG.main(RemoteTestNG.java:175)
Caused by: org.openqa.selenium.firefox.NotConnectedException: Unable to connect to host 127.0.0.1 on port 7055 after 45000 ms. Firefox console output:
fox\\browser\\extensions\\{82AF8DCA-6DE9-405D-BD5E-43525BDAD38A}.xpi","e":true,"v":"8.3.0.9150","st":1464149260000},"{972ce4c6-7e08-4474-a285-3208198ce6fd}":{"d":"C:\\Program Files\\Mozilla Firefox\\browser\\extensions\\{972ce4c6-7e08-4474-a285-3208198ce6fd}.xpi","e":true,"v":"46.0.1","st":1463033593244}}}
1465984216037	addons.xpi	DEBUG	No changes found
1465984216046	addons.xpi	DEBUG	Registering manifest for C:\Program Files\Mozilla Firefox\browser\features\e10srollout@mozilla.org.xpi
1465984216047	addons.xpi	DEBUG	Loading bootstrap scope from C:\Program Files\Mozilla Firefox\browser\features\e10srollout@mozilla.org.xpi
1465984216061	addons.xpi	DEBUG	Calling bootstrap method startup on e10srollout@mozilla.org version 1.0
1465984216061	addons.xpi	DEBUG	Registering manifest for C:\Program Files\Mozilla Firefox\browser\features\firefox@getpocket.com.xpi
1465984216063	addons.xpi	DEBUG	Loading bootstrap scope from C:\Program Files\Mozilla Firefox\browser\features\firefox@getpocket.com.xpi
1465984216069	addons.xpi	DEBUG	Calling bootstrap method startup on firefox@getpocket.com version 1.0
1465984216079	addons.xpi-utils	DEBUG	Starting async load of XPI database C:\Users\NIRBHA~1\AppData\Local\Temp\anonymous2383927063419159888webdriver-profile\extensions.json
1465984216080	addons.xpi	DEBUG	Registering manifest for C:\Program Files\Mozilla Firefox\browser\features\loop@mozilla.org.xpi
1465984216082	addons.xpi	DEBUG	Loading bootstrap scope from C:\Program Files\Mozilla Firefox\browser\features\loop@mozilla.org.xpi
1465984216089	addons.xpi	DEBUG	Calling bootstrap method startup on loop@mozilla.org version 1.2.6
1465984216116	addons.xpi	DEBUG	Registering manifest for C:\Program Files\Mozilla Firefox\browser\extensions\{82AF8DCA-6DE9-405D-BD5E-43525BDAD38A}.xpi
1465984216116	addons.xpi	DEBUG	Loading bootstrap scope from C:\Program Files\Mozilla Firefox\browser\extensions\{82AF8DCA-6DE9-405D-BD5E-43525BDAD38A}.xpi
1465984216217	addons.xpi	DEBUG	Calling bootstrap method startup on {82AF8DCA-6DE9-405D-BD5E-43525BDAD38A} version 8.3.0.9150
1465984216221	addons.manager	DEBUG	Registering shutdown blocker for XPIProvider
1465984216225	addons.manager	DEBUG	Provider finished startup: XPIProvider
1465984216225	addons.manager	DEBUG	Starting provider: LightweightThemeManager
1465984216225	addons.manager	DEBUG	Registering shutdown blocker for LightweightThemeManager
1465984216226	addons.manager	DEBUG	Provider finished startup: LightweightThemeManager
1465984216226	addons.manager	DEBUG	Starting provider: GMPProvider
1465984216237	addons.manager	DEBUG	Registering shutdown blocker for GMPProvider
1465984216237	addons.manager	DEBUG	Provider finished startup: GMPProvider
1465984216237	addons.manager	DEBUG	Starting provider: PluginProvider
1465984216237	addons.manager	DEBUG	Registering shutdown blocker for PluginProvider
1465984216238	addons.manager	DEBUG	Provider finished startup: PluginProvider
1465984216238	addons.manager	DEBUG	Completed startup sequence
1465984217499	addons.xpi-utils	DEBUG	Async JSON file read took 0 MS
1465984217499	addons.xpi-utils	DEBUG	Finished async read of XPI database, parsing...
1465984217502	addons.xpi-utils	DEBUG	Successfully read XPI database
1465984217515	addons.manager	DEBUG	Starting provider: <unnamed-provider>
1465984217515	addons.manager	DEBUG	Registering shutdown blocker for <unnamed-provider>
1465984217516	addons.manager	DEBUG	Provider finished startup: <unnamed-provider>
*** Blocklist::_loadBlocklistFromFile: blocklist is disabled
1465984217717	addons.manager	DEBUG	Starting provider: PreviousExperimentProvider
1465984217717	addons.manager	DEBUG	Registering shutdown blocker for PreviousExperimentProvider
1465984217717	addons.manager	DEBUG	Provider finished startup: PreviousExperimentProvider
JavaScript warning: https://normandy.cdn.mozilla.net/static/js/bundles/selfrepair-7575f6d27445b45bcffb.js, line 9825: mutating the [[Prototype]] of an object will cause your code to run very slowly; instead create the object with the correct initial [[Prototype]] value using Object.create

	at org.openqa.selenium.firefox.internal.NewProfileExtensionConnection.start(NewProfileExtensionConnection.java:118)
	... 31 more
]]>
    </failure>
  </testcase> <!-- test -->
</testsuite> <!-- Default test -->
